Analysis & Synthesis report for ThiTH
Thu May 29 15:26:30 2025
Quartus II 64-Bit Version 13.0.1 Build 232 06/12/2013 Service Pack 1 SJ Web Edition


---------------------
; Table of Contents ;
---------------------
  1. Legal Notice
  2. Analysis & Synthesis Summary
  3. Analysis & Synthesis Settings
  4. Parallel Compilation
  5. Analysis & Synthesis IP Cores Summary
  6. Analysis & Synthesis Messages
  7. Analysis & Synthesis Suppressed Messages



----------------
; Legal Notice ;
----------------
Copyright (C) 1991-2013 Altera Corporation
Your use of Altera Corporation's design tools, logic functions 
and other software and tools, and its AMPP partner logic 
functions, and any output files from any of the foregoing 
(including device programming or simulation files), and any 
associated documentation or information are expressly subject 
to the terms and conditions of the Altera Program License 
Subscription Agreement, Altera MegaCore Function License 
Agreement, or other applicable license agreement, including, 
without limitation, that your use is for the sole purpose of 
programming logic devices manufactured by Altera and sold by 
Altera or its authorized distributors.  Please refer to the 
applicable agreement for further details.



+--------------------------------------------------------------------------------------+
; Analysis & Synthesis Summary                                                         ;
+------------------------------------+-------------------------------------------------+
; Analysis & Synthesis Status        ; Failed - Thu May 29 15:26:30 2025               ;
; Quartus II 64-Bit Version          ; 13.0.1 Build 232 06/12/2013 SP 1 SJ Web Edition ;
; Revision Name                      ; ThiTH                                           ;
; Top-level Entity Name              ; sort_ip_avl                                     ;
; Family                             ; Cyclone II                                      ;
; Total logic elements               ; N/A until Partition Merge                       ;
;     Total combinational functions  ; N/A until Partition Merge                       ;
;     Dedicated logic registers      ; N/A until Partition Merge                       ;
; Total registers                    ; N/A until Partition Merge                       ;
; Total pins                         ; N/A until Partition Merge                       ;
; Total virtual pins                 ; N/A until Partition Merge                       ;
; Total memory bits                  ; N/A until Partition Merge                       ;
; Embedded Multiplier 9-bit elements ; N/A until Partition Merge                       ;
; Total PLLs                         ; N/A until Partition Merge                       ;
+------------------------------------+-------------------------------------------------+


+----------------------------------------------------------------------------------------------------------------------+
; Analysis & Synthesis Settings                                                                                        ;
+----------------------------------------------------------------------------+--------------------+--------------------+
; Option                                                                     ; Setting            ; Default Value      ;
+----------------------------------------------------------------------------+--------------------+--------------------+
; Device                                                                     ; EP2C35F672C6       ;                    ;
; Top-level entity name                                                      ; sort_ip_avl        ; ThiTH              ;
; Family name                                                                ; Cyclone II         ; Cyclone IV GX      ;
; Use smart compilation                                                      ; Off                ; Off                ;
; Enable parallel Assembler and TimeQuest Timing Analyzer during compilation ; On                 ; On                 ;
; Enable compact report table                                                ; Off                ; Off                ;
; Restructure Multiplexers                                                   ; Auto               ; Auto               ;
; Create Debugging Nodes for IP Cores                                        ; Off                ; Off                ;
; Preserve fewer node names                                                  ; On                 ; On                 ;
; Disable OpenCore Plus hardware evaluation                                  ; Off                ; Off                ;
; Verilog Version                                                            ; Verilog_2001       ; Verilog_2001       ;
; VHDL Version                                                               ; VHDL_1993          ; VHDL_1993          ;
; State Machine Processing                                                   ; Auto               ; Auto               ;
; Safe State Machine                                                         ; Off                ; Off                ;
; Extract Verilog State Machines                                             ; On                 ; On                 ;
; Extract VHDL State Machines                                                ; On                 ; On                 ;
; Ignore Verilog initial constructs                                          ; Off                ; Off                ;
; Iteration limit for constant Verilog loops                                 ; 5000               ; 5000               ;
; Iteration limit for non-constant Verilog loops                             ; 250                ; 250                ;
; Add Pass-Through Logic to Inferred RAMs                                    ; On                 ; On                 ;
; Infer RAMs from Raw Logic                                                  ; On                 ; On                 ;
; Parallel Synthesis                                                         ; On                 ; On                 ;
; DSP Block Balancing                                                        ; Auto               ; Auto               ;
; NOT Gate Push-Back                                                         ; On                 ; On                 ;
; Power-Up Don't Care                                                        ; On                 ; On                 ;
; Remove Redundant Logic Cells                                               ; Off                ; Off                ;
; Remove Duplicate Registers                                                 ; On                 ; On                 ;
; Ignore CARRY Buffers                                                       ; Off                ; Off                ;
; Ignore CASCADE Buffers                                                     ; Off                ; Off                ;
; Ignore GLOBAL Buffers                                                      ; Off                ; Off                ;
; Ignore ROW GLOBAL Buffers                                                  ; Off                ; Off                ;
; Ignore LCELL Buffers                                                       ; Off                ; Off                ;
; Ignore SOFT Buffers                                                        ; On                 ; On                 ;
; Limit AHDL Integers to 32 Bits                                             ; Off                ; Off                ;
; Optimization Technique                                                     ; Balanced           ; Balanced           ;
; Carry Chain Length                                                         ; 70                 ; 70                 ;
; Auto Carry Chains                                                          ; On                 ; On                 ;
; Auto Open-Drain Pins                                                       ; On                 ; On                 ;
; Perform WYSIWYG Primitive Resynthesis                                      ; Off                ; Off                ;
; Auto ROM Replacement                                                       ; On                 ; On                 ;
; Auto RAM Replacement                                                       ; On                 ; On                 ;
; Auto Shift Register Replacement                                            ; Auto               ; Auto               ;
; Allow Shift Register Merging across Hierarchies                            ; Auto               ; Auto               ;
; Auto Clock Enable Replacement                                              ; On                 ; On                 ;
; Strict RAM Replacement                                                     ; Off                ; Off                ;
; Allow Synchronous Control Signals                                          ; On                 ; On                 ;
; Force Use of Synchronous Clear Signals                                     ; Off                ; Off                ;
; Auto RAM to Logic Cell Conversion                                          ; Off                ; Off                ;
; Auto Resource Sharing                                                      ; Off                ; Off                ;
; Allow Any RAM Size For Recognition                                         ; Off                ; Off                ;
; Allow Any ROM Size For Recognition                                         ; Off                ; Off                ;
; Allow Any Shift Register Size For Recognition                              ; Off                ; Off                ;
; Use LogicLock Constraints during Resource Balancing                        ; On                 ; On                 ;
; Ignore translate_off and synthesis_off directives                          ; Off                ; Off                ;
; Timing-Driven Synthesis                                                    ; Off                ; Off                ;
; Report Parameter Settings                                                  ; On                 ; On                 ;
; Report Source Assignments                                                  ; On                 ; On                 ;
; Report Connectivity Checks                                                 ; On                 ; On                 ;
; Ignore Maximum Fan-Out Assignments                                         ; Off                ; Off                ;
; Synchronization Register Chain Length                                      ; 2                  ; 2                  ;
; PowerPlay Power Optimization                                               ; Normal compilation ; Normal compilation ;
; HDL message level                                                          ; Level2             ; Level2             ;
; Suppress Register Optimization Related Messages                            ; Off                ; Off                ;
; Number of Removed Registers Reported in Synthesis Report                   ; 5000               ; 5000               ;
; Number of Swept Nodes Reported in Synthesis Report                         ; 5000               ; 5000               ;
; Number of Inverted Registers Reported in Synthesis Report                  ; 100                ; 100                ;
; Clock MUX Protection                                                       ; On                 ; On                 ;
; Auto Gated Clock Conversion                                                ; Off                ; Off                ;
; Block Design Naming                                                        ; Auto               ; Auto               ;
; SDC constraint protection                                                  ; Off                ; Off                ;
; Synthesis Effort                                                           ; Auto               ; Auto               ;
; Shift Register Replacement - Allow Asynchronous Clear Signal               ; On                 ; On                 ;
; Pre-Mapping Resynthesis Optimization                                       ; Off                ; Off                ;
; Analysis & Synthesis Message Level                                         ; Medium             ; Medium             ;
; Disable Register Merging Across Hierarchies                                ; Auto               ; Auto               ;
; Resource Aware Inference For Block RAM                                     ; On                 ; On                 ;
; Synthesis Seed                                                             ; 1                  ; 1                  ;
+----------------------------------------------------------------------------+--------------------+--------------------+


+------------------------------------------+
; Parallel Compilation                     ;
+----------------------------+-------------+
; Processors                 ; Number      ;
+----------------------------+-------------+
; Number detected on machine ; 16          ;
; Maximum allowed            ; 12          ;
;                            ;             ;
; Average used               ; 1.00        ;
; Maximum used               ; 1           ;
;                            ;             ;
; Usage by Processor         ; % Time Used ;
;     Processor 1            ; 100.0%      ;
;     Processors 2-16        ;   0.0%      ;
+----------------------------+-------------+


+---------------------------------------------------------------------------------------------------------------------------+
; Analysis & Synthesis IP Cores Summary                                                                                     ;
+--------+-------------------+---------+--------------+--------------+-----------------+------------------------------------+
; Vendor ; IP Core Name      ; Version ; Release Date ; License Type ; Entity Instance ; IP Include File                    ;
+--------+-------------------+---------+--------------+--------------+-----------------+------------------------------------+
; Altera ; altera_nios2_qsys ; 13.0    ; N/A          ; N/A          ; |sort_ip_avl    ; system/synthesis/../../system.qsys ;
+--------+-------------------+---------+--------------+--------------+-----------------+------------------------------------+


+-------------------------------+
; Analysis & Synthesis Messages ;
+-------------------------------+
Info: *******************************************************************
Info: Running Quartus II 64-Bit Analysis & Synthesis
    Info: Version 13.0.1 Build 232 06/12/2013 Service Pack 1 SJ Web Edition
    Info: Processing started: Thu May 29 15:26:30 2025
Info: Command: quartus_map --read_settings_files=on --write_settings_files=off ThiTH -c ThiTH
Info (11104): Parallel Compilation has detected 16 hyper-threaded processors. However, the extra hyper-threaded processors will not be used by default. Parallel Compilation will use 12 of the 12 physical processors detected instead.
Info (12021): Found 1 design units, including 1 entities, in source file thith.v
    Info (12023): Found entity 1: ThiTH
Info (12021): Found 1 design units, including 1 entities, in source file system/synthesis/system.v
    Info (12023): Found entity 1: system
Info (12021): Found 1 design units, including 1 entities, in source file system/synthesis/system.v
    Info (12023): Found entity 1: system
Info (12021): Found 1 design units, including 1 entities, in source file system/synthesis/submodules/system_irq_mapper.sv
    Info (12023): Found entity 1: system_irq_mapper
Info (12021): Found 2 design units, including 2 entities, in source file system/synthesis/submodules/altera_merlin_arbitrator.sv
    Info (12023): Found entity 1: altera_merlin_arbitrator
    Info (12023): Found entity 2: altera_merlin_arb_adder
Info (12021): Found 1 design units, including 1 entities, in source file system/synthesis/submodules/system_rsp_xbar_mux.sv
    Info (12023): Found entity 1: system_rsp_xbar_mux
Info (12021): Found 1 design units, including 1 entities, in source file system/synthesis/submodules/system_rsp_xbar_demux.sv
    Info (12023): Found entity 1: system_rsp_xbar_demux
Info (12021): Found 1 design units, including 1 entities, in source file system/synthesis/submodules/system_cmd_xbar_mux.sv
    Info (12023): Found entity 1: system_cmd_xbar_mux
Info (12021): Found 1 design units, including 1 entities, in source file system/synthesis/submodules/system_cmd_xbar_demux.sv
    Info (12023): Found entity 1: system_cmd_xbar_demux
Info (12021): Found 1 design units, including 1 entities, in source file system/synthesis/submodules/altera_reset_controller.v
    Info (12023): Found entity 1: altera_reset_controller
Info (12021): Found 1 design units, including 1 entities, in source file system/synthesis/submodules/altera_reset_synchronizer.v
    Info (12023): Found entity 1: altera_reset_synchronizer
Info (12021): Found 2 design units, including 2 entities, in source file system/synthesis/submodules/system_id_router.sv
    Info (12023): Found entity 1: system_id_router_default_decode
    Info (12023): Found entity 2: system_id_router
Info (12021): Found 2 design units, including 2 entities, in source file system/synthesis/submodules/system_addr_router.sv
    Info (12023): Found entity 1: system_addr_router_default_decode
    Info (12023): Found entity 2: system_addr_router
Info (12021): Found 1 design units, including 1 entities, in source file system/synthesis/submodules/altera_avalon_sc_fifo.v
    Info (12023): Found entity 1: altera_avalon_sc_fifo
Info (12021): Found 1 design units, including 1 entities, in source file system/synthesis/submodules/altera_merlin_slave_agent.sv
    Info (12023): Found entity 1: altera_merlin_slave_agent
Info (12021): Found 1 design units, including 1 entities, in source file system/synthesis/submodules/altera_merlin_burst_uncompressor.sv
    Info (12023): Found entity 1: altera_merlin_burst_uncompressor
Info (12021): Found 1 design units, including 1 entities, in source file system/synthesis/submodules/altera_merlin_master_agent.sv
    Info (12023): Found entity 1: altera_merlin_master_agent
Info (12021): Found 1 design units, including 1 entities, in source file system/synthesis/submodules/altera_merlin_slave_translator.sv
    Info (12023): Found entity 1: altera_merlin_slave_translator
Info (12021): Found 1 design units, including 1 entities, in source file system/synthesis/submodules/altera_merlin_master_translator.sv
    Info (12023): Found entity 1: altera_merlin_master_translator
Info (12021): Found 1 design units, including 1 entities, in source file system/synthesis/submodules/system_sw.v
    Info (12023): Found entity 1: system_sw
Info (12021): Found 1 design units, including 1 entities, in source file system/synthesis/submodules/sort_ip_avl.v
    Info (12023): Found entity 1: sort_ip_avl
Info (12021): Found 5 design units, including 5 entities, in source file system/synthesis/submodules/system_jtag_uart_0.v
    Info (12023): Found entity 1: system_jtag_uart_0_sim_scfifo_w
    Info (12023): Found entity 2: system_jtag_uart_0_scfifo_w
    Info (12023): Found entity 3: system_jtag_uart_0_sim_scfifo_r
    Info (12023): Found entity 4: system_jtag_uart_0_scfifo_r
    Info (12023): Found entity 5: system_jtag_uart_0
Info (12021): Found 1 design units, including 1 entities, in source file system/synthesis/submodules/memory.v
    Info (12023): Found entity 1: Memory
Info (12021): Found 1 design units, including 1 entities, in source file system/synthesis/submodules/system_lcd_on.v
    Info (12023): Found entity 1: system_LCD_ON
Info (12021): Found 1 design units, including 1 entities, in source file system/synthesis/submodules/system_onchip_memory2_0.v
    Info (12023): Found entity 1: system_onchip_memory2_0
Info (12021): Found 21 design units, including 21 entities, in source file system/synthesis/submodules/system_nios2_qsys_0.v
    Info (12023): Found entity 1: system_nios2_qsys_0_register_bank_a_module
    Info (12023): Found entity 2: system_nios2_qsys_0_register_bank_b_module
    Info (12023): Found entity 3: system_nios2_qsys_0_nios2_oci_debug
    Info (12023): Found entity 4: system_nios2_qsys_0_ociram_sp_ram_module
    Info (12023): Found entity 5: system_nios2_qsys_0_nios2_ocimem
    Info (12023): Found entity 6: system_nios2_qsys_0_nios2_avalon_reg
    Info (12023): Found entity 7: system_nios2_qsys_0_nios2_oci_break
    Info (12023): Found entity 8: system_nios2_qsys_0_nios2_oci_xbrk
    Info (12023): Found entity 9: system_nios2_qsys_0_nios2_oci_dbrk
    Info (12023): Found entity 10: system_nios2_qsys_0_nios2_oci_itrace
    Info (12023): Found entity 11: system_nios2_qsys_0_nios2_oci_td_mode
    Info (12023): Found entity 12: system_nios2_qsys_0_nios2_oci_dtrace
    Info (12023): Found entity 13: system_nios2_qsys_0_nios2_oci_compute_tm_count
    Info (12023): Found entity 14: system_nios2_qsys_0_nios2_oci_fifowp_inc
    Info (12023): Found entity 15: system_nios2_qsys_0_nios2_oci_fifocount_inc
    Info (12023): Found entity 16: system_nios2_qsys_0_nios2_oci_fifo
    Info (12023): Found entity 17: system_nios2_qsys_0_nios2_oci_pib
    Info (12023): Found entity 18: system_nios2_qsys_0_nios2_oci_im
    Info (12023): Found entity 19: system_nios2_qsys_0_nios2_performance_monitors
    Info (12023): Found entity 20: system_nios2_qsys_0_nios2_oci
    Info (12023): Found entity 21: system_nios2_qsys_0
Info (12021): Found 1 design units, including 1 entities, in source file system/synthesis/submodules/system_nios2_qsys_0_jtag_debug_module_sysclk.v
    Info (12023): Found entity 1: system_nios2_qsys_0_jtag_debug_module_sysclk
Info (12021): Found 1 design units, including 1 entities, in source file system/synthesis/submodules/system_nios2_qsys_0_jtag_debug_module_tck.v
    Info (12023): Found entity 1: system_nios2_qsys_0_jtag_debug_module_tck
Info (12021): Found 1 design units, including 1 entities, in source file system/synthesis/submodules/system_nios2_qsys_0_jtag_debug_module_wrapper.v
    Info (12023): Found entity 1: system_nios2_qsys_0_jtag_debug_module_wrapper
Info (12021): Found 1 design units, including 1 entities, in source file system/synthesis/submodules/system_nios2_qsys_0_oci_test_bench.v
    Info (12023): Found entity 1: system_nios2_qsys_0_oci_test_bench
Info (12021): Found 1 design units, including 1 entities, in source file system/synthesis/submodules/system_nios2_qsys_0_test_bench.v
    Info (12023): Found entity 1: system_nios2_qsys_0_test_bench
Info (12021): Found 1 design units, including 1 entities, in source file sort_ip_avl.v
    Info (12023): Found entity 1: sort_ip_avl
Info (12021): Found 1 design units, including 1 entities, in source file memory.v
    Info (12023): Found entity 1: Memory
Info (12021): Found 1 design units, including 1 entities, in source file sort_ip.v
    Info (12023): Found entity 1: sort_ip
Warning (10037): Verilog HDL or VHDL warning at system_nios2_qsys_0.v(1567): conditional expression evaluates to a constant
Warning (10037): Verilog HDL or VHDL warning at system_nios2_qsys_0.v(1569): conditional expression evaluates to a constant
Warning (10037): Verilog HDL or VHDL warning at system_nios2_qsys_0.v(1725): conditional expression evaluates to a constant
Warning (10037): Verilog HDL or VHDL warning at system_nios2_qsys_0.v(2553): conditional expression evaluates to a constant
Error (12181): Top-level entity "sort_ip_avl" is ambiguous
    Error (12180): Instance could be entity "sort_ip_avl" in file system/synthesis/submodules/sort_ip_avl.v compiled in library system File: D:/CE433/ThucHanh/ThiTH/system/synthesis/submodules/sort_ip_avl.v Line: 1
    Error (12180): Instance could be entity "sort_ip_avl" in file sort_ip_avl.v compiled in library work File: D:/CE433/ThucHanh/ThiTH/sort_ip_avl.v Line: 1
Info (12127): Elaborating entity "sort_ip_avl" for the top level hierarchy
Info (10264): Verilog HDL Case Statement information at sort_ip_avl.v(40): all case item expressions in this case statement are onehot
Warning (10240): Verilog HDL Always Construct warning at sort_ip_avl.v(30): inferring latch(es) for variable "i", which holds its previous value in one or more paths through the always construct
Error (12153): Can't elaborate top-level user hierarchy
Info (144001): Generated suppressed messages file D:/CE433/ThucHanh/ThiTH/output_files/ThiTH.map.smsg
Error: Quartus II 64-Bit Analysis & Synthesis was unsuccessful. 4 errors, 5 warnings
    Error: Peak virtual memory: 4592 megabytes
    Error: Processing ended: Thu May 29 15:26:30 2025
    Error: Elapsed time: 00:00:00
    Error: Total CPU time (on all processors): 00:00:01


+------------------------------------------+
; Analysis & Synthesis Suppressed Messages ;
+------------------------------------------+
The suppressed messages can be found in D:/CE433/ThucHanh/ThiTH/output_files/ThiTH.map.smsg.


