
**** Build of configuration Nios II for project Bai7 ****

make all 
      1 [main] sh 15092 find_fast_cwd: WARNING: Couldn't compute FAST_CWD pointer.  Please report this problem to
the public mailing list cygwin@cygwin.com
      1 [main] sh 13404 find_fast_cwd: WARNING: Couldn't compute FAST_CWD pointer.  Please report this problem to
the public mailing list cygwin@cygwin.com
      1 [main] echo 6984 find_fast_cwd: WARNING: Couldn't compute FAST_CWD pointer.  Please report this problem to
Info: Building ../Bai7_bsp/
the public mailing list cygwin@cygwin.com
make --no-print-directory -C ../Bai7_bsp/
      0 [main] pwd 19252 find_fast_cwd: WARNING: Couldn't compute FAST_CWD pointer.  Please report this problem to
the public mailing list cygwin@cygwin.com
      0 [main] sh 14656 find_fast_cwd: WARNING: Couldn't compute FAST_CWD pointer.  Please report this problem to
the public mailing list cygwin@cygwin.com
      1 [main] sh 10588 find_fast_cwd: WARNING: Couldn't compute FAST_CWD pointer.  Please report this problem to
the public mailing list cygwin@cygwin.com
[BSP build complete]
      0 [main] true 12268 find_fast_cwd: WARNING: Couldn't compute FAST_CWD pointer.  Please report this problem to
the public mailing list cygwin@cygwin.com
      1 [main] echo 15932 find_fast_cwd: WARNING: Couldn't compute FAST_CWD pointer.  Please report this problem to
Info: Linking Bai7.elf
the public mailing list cygwin@cygwin.com
nios2-elf-g++  -T'../Bai7_bsp//linker.x' -msys-crt0='../Bai7_bsp//obj/HAL/src/crt0.o' -msys-lib=hal_bsp -L../Bai7_bsp/   -Wl,-Map=Bai7.map   -O0 -g -Wall   -EL -mno-hw-div -mno-hw-mul -mno-hw-mulx  -o Bai7.elf obj/default/source.o -lm 
../Bai7_bsp/\libhal_bsp.a(alt_main.o): In function `alt_main':
C:\Bai7\software\Bai7_bsp/HAL/src/alt_main.c:154: undefined reference to `main'
collect2: ld returned 1 exit status
make: *** [Bai7.elf] Error 1

**** Build Finished ****
