
**** Build of configuration Nios II for project ThiTHanh ****

make all 
      1 [main] sh 4588 find_fast_cwd: WARNING: Couldn't compute FAST_CWD pointer.  Please report this problem to
the public mailing list cygwin@cygwin.com
      1 [main] sh 6684 find_fast_cwd: WARNING: Couldn't compute FAST_CWD pointer.  Please report this problem to
the public mailing list cygwin@cygwin.com
      1 [main] echo 15004 find_fast_cwd: WARNING: Couldn't compute FAST_CWD pointer.  Please report this problem to
the public mailing list cygwin@cygwin.com
Info: Building ../ThiTHanh_bsp/
make --no-print-directory -C ../ThiTHanh_bsp/
      1 [main] pwd 10080 find_fast_cwd: WARNING: Couldn't compute FAST_CWD pointer.  Please report this problem to
the public mailing list cygwin@cygwin.com
      1 [main] sh 6988 find_fast_cwd: WARNING: Couldn't compute FAST_CWD pointer.  Please report this problem to
the public mailing list cygwin@cygwin.com
      1 [main] sh 15168 find_fast_cwd: WARNING: Couldn't compute FAST_CWD pointer.  Please report this problem to
the public mailing list cygwin@cygwin.com
[BSP build complete]
      1 [main] echo 10736 find_fast_cwd: WARNING: Couldn't compute FAST_CWD pointer.  Please report this problem to
the public mailing list cygwin@cygwin.com
Info: Compiling source.c to obj/default/source.o
      1 [main] mkdir 3468 find_fast_cwd: WARNING: Couldn't compute FAST_CWD pointer.  Please report this problem to
the public mailing list cygwin@cygwin.com
nios2-elf-gcc -xc -MP -MMD -c -I../ThiTHanh_bsp//HAL/inc -I../ThiTHanh_bsp/ -I../ThiTHanh_bsp//drivers/inc  -DSYSTEM_BUS_WIDTH=32 -pipe -D__hal__ -DALT_NO_INSTRUCTION_EMULATION -DALT_USE_SMALL_DRIVERS -DSMALL_C_LIB -DALT_SINGLE_THREADED    -O0 -g -Wall   -EL -mno-hw-div -mno-hw-mul -mno-hw-mulx  -o obj/default/source.o source.c
source.c: In function 'command':
source.c:17: error: 'LCD_D_BASE' undeclared (first use in this function)
source.c:17: error: (Each undeclared identifier is reported only once
source.c:17: error: for each function it appears in.)
source.c: In function 'lcd_data':
source.c:27: error: 'LCD_D_BASE' undeclared (first use in this function)
source.c: In function 'main':
source.c:78: error: 'SWITCH_BASE' undeclared (first use in this function)
source.c:101: error: 'SORT5_0_BASE' undeclared (first use in this function)
make: *** [obj/default/source.o] Error 1

**** Build Finished ****
