Analysis & Synthesis report for Bai2_7segment
Fri Mar 28 09:56:50 2025
Quartus II 64-Bit Version 13.0.1 Build 232 06/12/2013 Service Pack 1 SJ Web Edition


---------------------
; Table of Contents ;
---------------------
  1. Legal Notice
  2. Analysis & Synthesis Summary
  3. Analysis & Synthesis Settings
  4. Parallel Compilation
  5. Analysis & Synthesis Messages



----------------
; Legal Notice ;
----------------
Copyright (C) 1991-2013 Altera Corporation
Your use of Altera Corporation's design tools, logic functions 
and other software and tools, and its AMPP partner logic 
functions, and any output files from any of the foregoing 
(including device programming or simulation files), and any 
associated documentation or information are expressly subject 
to the terms and conditions of the Altera Program License 
Subscription Agreement, Altera MegaCore Function License 
Agreement, or other applicable license agreement, including, 
without limitation, that your use is for the sole purpose of 
programming logic devices manufactured by Altera and sold by 
Altera or its authorized distributors.  Please refer to the 
applicable agreement for further details.



+--------------------------------------------------------------------------------------+
; Analysis & Synthesis Summary                                                         ;
+------------------------------------+-------------------------------------------------+
; Analysis & Synthesis Status        ; Failed - Fri Mar 28 09:56:50 2025               ;
; Quartus II 64-Bit Version          ; 13.0.1 Build 232 06/12/2013 SP 1 SJ Web Edition ;
; Revision Name                      ; Bai2_7segment                                   ;
; Top-level Entity Name              ; Bai2_7segment                                   ;
; Family                             ; Cyclone II                                      ;
; Total logic elements               ; N/A until Partition Merge                       ;
;     Total combinational functions  ; N/A until Partition Merge                       ;
;     Dedicated logic registers      ; N/A until Partition Merge                       ;
; Total registers                    ; N/A until Partition Merge                       ;
; Total pins                         ; N/A until Partition Merge                       ;
; Total virtual pins                 ; N/A until Partition Merge                       ;
; Total memory bits                  ; N/A until Partition Merge                       ;
; Embedded Multiplier 9-bit elements ; N/A until Partition Merge                       ;
; Total PLLs                         ; N/A until Partition Merge                       ;
+------------------------------------+-------------------------------------------------+


+----------------------------------------------------------------------------------------------------------------------+
; Analysis & Synthesis Settings                                                                                        ;
+----------------------------------------------------------------------------+--------------------+--------------------+
; Option                                                                     ; Setting            ; Default Value      ;
+----------------------------------------------------------------------------+--------------------+--------------------+
; Device                                                                     ; EP2C35F672C6       ;                    ;
; Top-level entity name                                                      ; Bai2_7segment      ; Bai2_7segment      ;
; Family name                                                                ; Cyclone II         ; Cyclone IV GX      ;
; Use smart compilation                                                      ; Off                ; Off                ;
; Enable parallel Assembler and TimeQuest Timing Analyzer during compilation ; On                 ; On                 ;
; Enable compact report table                                                ; Off                ; Off                ;
; Restructure Multiplexers                                                   ; Auto               ; Auto               ;
; Create Debugging Nodes for IP Cores                                        ; Off                ; Off                ;
; Preserve fewer node names                                                  ; On                 ; On                 ;
; Disable OpenCore Plus hardware evaluation                                  ; Off                ; Off                ;
; Verilog Version                                                            ; Verilog_2001       ; Verilog_2001       ;
; VHDL Version                                                               ; VHDL_1993          ; VHDL_1993          ;
; State Machine Processing                                                   ; Auto               ; Auto               ;
; Safe State Machine                                                         ; Off                ; Off                ;
; Extract Verilog State Machines                                             ; On                 ; On                 ;
; Extract VHDL State Machines                                                ; On                 ; On                 ;
; Ignore Verilog initial constructs                                          ; Off                ; Off                ;
; Iteration limit for constant Verilog loops                                 ; 5000               ; 5000               ;
; Iteration limit for non-constant Verilog loops                             ; 250                ; 250                ;
; Add Pass-Through Logic to Inferred RAMs                                    ; On                 ; On                 ;
; Infer RAMs from Raw Logic                                                  ; On                 ; On                 ;
; Parallel Synthesis                                                         ; On                 ; On                 ;
; DSP Block Balancing                                                        ; Auto               ; Auto               ;
; NOT Gate Push-Back                                                         ; On                 ; On                 ;
; Power-Up Don't Care                                                        ; On                 ; On                 ;
; Remove Redundant Logic Cells                                               ; Off                ; Off                ;
; Remove Duplicate Registers                                                 ; On                 ; On                 ;
; Ignore CARRY Buffers                                                       ; Off                ; Off                ;
; Ignore CASCADE Buffers                                                     ; Off                ; Off                ;
; Ignore GLOBAL Buffers                                                      ; Off                ; Off                ;
; Ignore ROW GLOBAL Buffers                                                  ; Off                ; Off                ;
; Ignore LCELL Buffers                                                       ; Off                ; Off                ;
; Ignore SOFT Buffers                                                        ; On                 ; On                 ;
; Limit AHDL Integers to 32 Bits                                             ; Off                ; Off                ;
; Optimization Technique                                                     ; Balanced           ; Balanced           ;
; Carry Chain Length                                                         ; 70                 ; 70                 ;
; Auto Carry Chains                                                          ; On                 ; On                 ;
; Auto Open-Drain Pins                                                       ; On                 ; On                 ;
; Perform WYSIWYG Primitive Resynthesis                                      ; Off                ; Off                ;
; Auto ROM Replacement                                                       ; On                 ; On                 ;
; Auto RAM Replacement                                                       ; On                 ; On                 ;
; Auto Shift Register Replacement                                            ; Auto               ; Auto               ;
; Allow Shift Register Merging across Hierarchies                            ; Auto               ; Auto               ;
; Auto Clock Enable Replacement                                              ; On                 ; On                 ;
; Strict RAM Replacement                                                     ; Off                ; Off                ;
; Allow Synchronous Control Signals                                          ; On                 ; On                 ;
; Force Use of Synchronous Clear Signals                                     ; Off                ; Off                ;
; Auto RAM to Logic Cell Conversion                                          ; Off                ; Off                ;
; Auto Resource Sharing                                                      ; Off                ; Off                ;
; Allow Any RAM Size For Recognition                                         ; Off                ; Off                ;
; Allow Any ROM Size For Recognition                                         ; Off                ; Off                ;
; Allow Any Shift Register Size For Recognition                              ; Off                ; Off                ;
; Use LogicLock Constraints during Resource Balancing                        ; On                 ; On                 ;
; Ignore translate_off and synthesis_off directives                          ; Off                ; Off                ;
; Timing-Driven Synthesis                                                    ; Off                ; Off                ;
; Report Parameter Settings                                                  ; On                 ; On                 ;
; Report Source Assignments                                                  ; On                 ; On                 ;
; Report Connectivity Checks                                                 ; On                 ; On                 ;
; Ignore Maximum Fan-Out Assignments                                         ; Off                ; Off                ;
; Synchronization Register Chain Length                                      ; 2                  ; 2                  ;
; PowerPlay Power Optimization                                               ; Normal compilation ; Normal compilation ;
; HDL message level                                                          ; Level2             ; Level2             ;
; Suppress Register Optimization Related Messages                            ; Off                ; Off                ;
; Number of Removed Registers Reported in Synthesis Report                   ; 5000               ; 5000               ;
; Number of Swept Nodes Reported in Synthesis Report                         ; 5000               ; 5000               ;
; Number of Inverted Registers Reported in Synthesis Report                  ; 100                ; 100                ;
; Clock MUX Protection                                                       ; On                 ; On                 ;
; Auto Gated Clock Conversion                                                ; Off                ; Off                ;
; Block Design Naming                                                        ; Auto               ; Auto               ;
; SDC constraint protection                                                  ; Off                ; Off                ;
; Synthesis Effort                                                           ; Auto               ; Auto               ;
; Shift Register Replacement - Allow Asynchronous Clear Signal               ; On                 ; On                 ;
; Pre-Mapping Resynthesis Optimization                                       ; Off                ; Off                ;
; Analysis & Synthesis Message Level                                         ; Medium             ; Medium             ;
; Disable Register Merging Across Hierarchies                                ; Auto               ; Auto               ;
; Resource Aware Inference For Block RAM                                     ; On                 ; On                 ;
; Synthesis Seed                                                             ; 1                  ; 1                  ;
+----------------------------------------------------------------------------+--------------------+--------------------+


Parallel compilation was disabled, but you have multiple processors available. Enable parallel compilation to reduce compilation time.
+-------------------------------------+
; Parallel Compilation                ;
+----------------------------+--------+
; Processors                 ; Number ;
+----------------------------+--------+
; Number detected on machine ; 16     ;
; Maximum allowed            ; 1      ;
+----------------------------+--------+


+-------------------------------+
; Analysis & Synthesis Messages ;
+-------------------------------+
Info: *******************************************************************
Info: Running Quartus II 64-Bit Analysis & Synthesis
    Info: Version 13.0.1 Build 232 06/12/2013 Service Pack 1 SJ Web Edition
    Info: Processing started: Fri Mar 28 09:56:49 2025
Info: Command: quartus_map --read_settings_files=on --write_settings_files=off Bai2_7segment -c Bai2_7segment
Warning (20028): Parallel compilation is not licensed and has been disabled
Info (12021): Found 1 design units, including 1 entities, in source file system/synthesis/system.v
    Info (12023): Found entity 1: system
Info (12021): Found 1 design units, including 1 entities, in source file bai2_7segment.v
    Info (12023): Found entity 1: Bai2_7segment
Info (12127): Elaborating entity "Bai2_7segment" for the top level hierarchy
Info (12128): Elaborating entity "system" for hierarchy "system:nios_system"
Error (12006): Node instance "nios2_qsys_0" instantiates undefined entity "system_nios2_qsys_0" File: E:/CE433/ThucHanh/Bai2_7segment/system/synthesis/system.v Line: 485
Error (12006): Node instance "onchip_memory2_0" instantiates undefined entity "system_onchip_memory2_0" File: E:/CE433/ThucHanh/Bai2_7segment/system/synthesis/system.v Line: 498
Error (12006): Node instance "jtag_uart_0" instantiates undefined entity "system_jtag_uart_0" File: E:/CE433/ThucHanh/Bai2_7segment/system/synthesis/system.v Line: 511
Error (12006): Node instance "led" instantiates undefined entity "system_led" File: E:/CE433/ThucHanh/Bai2_7segment/system/synthesis/system.v Line: 522
Error (12006): Node instance "switch" instantiates undefined entity "system_switch" File: E:/CE433/ThucHanh/Bai2_7segment/system/synthesis/system.v Line: 530
Error (12006): Node instance "hex0" instantiates undefined entity "system_led" File: E:/CE433/ThucHanh/Bai2_7segment/system/synthesis/system.v Line: 541
Error (12006): Node instance "nios2_qsys_0_instruction_master_translator" instantiates undefined entity "altera_merlin_master_translator" File: E:/CE433/ThucHanh/Bai2_7segment/system/synthesis/system.v Line: 603
Error (12006): Node instance "nios2_qsys_0_data_master_translator" instantiates undefined entity "altera_merlin_master_translator" File: E:/CE433/ThucHanh/Bai2_7segment/system/synthesis/system.v Line: 665
Error (12006): Node instance "nios2_qsys_0_jtag_debug_module_translator" instantiates undefined entity "altera_merlin_slave_translator" File: E:/CE433/ThucHanh/Bai2_7segment/system/synthesis/system.v Line: 731
Error (12006): Node instance "onchip_memory2_0_s1_translator" instantiates undefined entity "altera_merlin_slave_translator" File: E:/CE433/ThucHanh/Bai2_7segment/system/synthesis/system.v Line: 797
Error (12006): Node instance "jtag_uart_0_avalon_jtag_slave_translator" instantiates undefined entity "altera_merlin_slave_translator" File: E:/CE433/ThucHanh/Bai2_7segment/system/synthesis/system.v Line: 863
Error (12006): Node instance "hex0_s1_translator" instantiates undefined entity "altera_merlin_slave_translator" File: E:/CE433/ThucHanh/Bai2_7segment/system/synthesis/system.v Line: 929
Error (12006): Node instance "led_s1_translator" instantiates undefined entity "altera_merlin_slave_translator" File: E:/CE433/ThucHanh/Bai2_7segment/system/synthesis/system.v Line: 995
Error (12006): Node instance "switch_s1_translator" instantiates undefined entity "altera_merlin_slave_translator" File: E:/CE433/ThucHanh/Bai2_7segment/system/synthesis/system.v Line: 1061
Error (12006): Node instance "nios2_qsys_0_instruction_master_translator_avalon_universal_master_0_agent" instantiates undefined entity "altera_merlin_master_agent" File: E:/CE433/ThucHanh/Bai2_7segment/system/synthesis/system.v Line: 1141
Error (12006): Node instance "nios2_qsys_0_data_master_translator_avalon_universal_master_0_agent" instantiates undefined entity "altera_merlin_master_agent" File: E:/CE433/ThucHanh/Bai2_7segment/system/synthesis/system.v Line: 1221
Error (12006): Node instance "nios2_qsys_0_jtag_debug_module_translator_avalon_universal_slave_0_agent" instantiates undefined entity "altera_merlin_slave_agent" File: E:/CE433/ThucHanh/Bai2_7segment/system/synthesis/system.v Line: 1302
Error (12006): Node instance "nios2_qsys_0_jtag_debug_module_translator_avalon_universal_slave_0_agent_rsp_fifo" instantiates undefined entity "altera_avalon_sc_fifo" File: E:/CE433/ThucHanh/Bai2_7segment/system/synthesis/system.v Line: 1343
Error (12006): Node instance "onchip_memory2_0_s1_translator_avalon_universal_slave_0_agent" instantiates undefined entity "altera_merlin_slave_agent" File: E:/CE433/ThucHanh/Bai2_7segment/system/synthesis/system.v Line: 1424
Error (12006): Node instance "onchip_memory2_0_s1_translator_avalon_universal_slave_0_agent_rsp_fifo" instantiates undefined entity "altera_avalon_sc_fifo" File: E:/CE433/ThucHanh/Bai2_7segment/system/synthesis/system.v Line: 1465
Error (12006): Node instance "jtag_uart_0_avalon_jtag_slave_translator_avalon_universal_slave_0_agent" instantiates undefined entity "altera_merlin_slave_agent" File: E:/CE433/ThucHanh/Bai2_7segment/system/synthesis/system.v Line: 1546
Error (12006): Node instance "jtag_uart_0_avalon_jtag_slave_translator_avalon_universal_slave_0_agent_rsp_fifo" instantiates undefined entity "altera_avalon_sc_fifo" File: E:/CE433/ThucHanh/Bai2_7segment/system/synthesis/system.v Line: 1587
Error (12006): Node instance "hex0_s1_translator_avalon_universal_slave_0_agent" instantiates undefined entity "altera_merlin_slave_agent" File: E:/CE433/ThucHanh/Bai2_7segment/system/synthesis/system.v Line: 1668
Error (12006): Node instance "hex0_s1_translator_avalon_universal_slave_0_agent_rsp_fifo" instantiates undefined entity "altera_avalon_sc_fifo" File: E:/CE433/ThucHanh/Bai2_7segment/system/synthesis/system.v Line: 1709
Error (12006): Node instance "led_s1_translator_avalon_universal_slave_0_agent" instantiates undefined entity "altera_merlin_slave_agent" File: E:/CE433/ThucHanh/Bai2_7segment/system/synthesis/system.v Line: 1790
Error (12006): Node instance "led_s1_translator_avalon_universal_slave_0_agent_rsp_fifo" instantiates undefined entity "altera_avalon_sc_fifo" File: E:/CE433/ThucHanh/Bai2_7segment/system/synthesis/system.v Line: 1831
Error (12006): Node instance "switch_s1_translator_avalon_universal_slave_0_agent" instantiates undefined entity "altera_merlin_slave_agent" File: E:/CE433/ThucHanh/Bai2_7segment/system/synthesis/system.v Line: 1912
Error (12006): Node instance "switch_s1_translator_avalon_universal_slave_0_agent_rsp_fifo" instantiates undefined entity "altera_avalon_sc_fifo" File: E:/CE433/ThucHanh/Bai2_7segment/system/synthesis/system.v Line: 1953
Error (12006): Node instance "addr_router" instantiates undefined entity "system_addr_router" File: E:/CE433/ThucHanh/Bai2_7segment/system/synthesis/system.v Line: 1969
Error (12006): Node instance "addr_router_001" instantiates undefined entity "system_addr_router_001" File: E:/CE433/ThucHanh/Bai2_7segment/system/synthesis/system.v Line: 1985
Error (12006): Node instance "id_router" instantiates undefined entity "system_id_router" File: E:/CE433/ThucHanh/Bai2_7segment/system/synthesis/system.v Line: 2001
Error (12006): Node instance "id_router_001" instantiates undefined entity "system_id_router" File: E:/CE433/ThucHanh/Bai2_7segment/system/synthesis/system.v Line: 2017
Error (12006): Node instance "id_router_002" instantiates undefined entity "system_id_router" File: E:/CE433/ThucHanh/Bai2_7segment/system/synthesis/system.v Line: 2033
Error (12006): Node instance "id_router_003" instantiates undefined entity "system_id_router_003" File: E:/CE433/ThucHanh/Bai2_7segment/system/synthesis/system.v Line: 2049
Error (12006): Node instance "id_router_004" instantiates undefined entity "system_id_router_003" File: E:/CE433/ThucHanh/Bai2_7segment/system/synthesis/system.v Line: 2065
Error (12006): Node instance "id_router_005" instantiates undefined entity "system_id_router_003" File: E:/CE433/ThucHanh/Bai2_7segment/system/synthesis/system.v Line: 2081
Error (12006): Node instance "rst_controller" instantiates undefined entity "altera_reset_controller" File: E:/CE433/ThucHanh/Bai2_7segment/system/synthesis/system.v Line: 2108
Error (12006): Node instance "rst_controller_001" instantiates undefined entity "altera_reset_controller" File: E:/CE433/ThucHanh/Bai2_7segment/system/synthesis/system.v Line: 2135
Error (12006): Node instance "cmd_xbar_demux" instantiates undefined entity "system_cmd_xbar_demux" File: E:/CE433/ThucHanh/Bai2_7segment/system/synthesis/system.v Line: 2164
Error (12006): Node instance "cmd_xbar_demux_001" instantiates undefined entity "system_cmd_xbar_demux_001" File: E:/CE433/ThucHanh/Bai2_7segment/system/synthesis/system.v Line: 2211
Error (12006): Node instance "cmd_xbar_mux" instantiates undefined entity "system_cmd_xbar_mux" File: E:/CE433/ThucHanh/Bai2_7segment/system/synthesis/system.v Line: 2234
Error (12006): Node instance "cmd_xbar_mux_001" instantiates undefined entity "system_cmd_xbar_mux" File: E:/CE433/ThucHanh/Bai2_7segment/system/synthesis/system.v Line: 2257
Error (12006): Node instance "cmd_xbar_mux_002" instantiates undefined entity "system_cmd_xbar_mux" File: E:/CE433/ThucHanh/Bai2_7segment/system/synthesis/system.v Line: 2280
Error (12006): Node instance "rsp_xbar_demux" instantiates undefined entity "system_rsp_xbar_demux" File: E:/CE433/ThucHanh/Bai2_7segment/system/synthesis/system.v Line: 2303
Error (12006): Node instance "rsp_xbar_demux_001" instantiates undefined entity "system_rsp_xbar_demux" File: E:/CE433/ThucHanh/Bai2_7segment/system/synthesis/system.v Line: 2326
Error (12006): Node instance "rsp_xbar_demux_002" instantiates undefined entity "system_rsp_xbar_demux" File: E:/CE433/ThucHanh/Bai2_7segment/system/synthesis/system.v Line: 2349
Error (12006): Node instance "rsp_xbar_demux_003" instantiates undefined entity "system_rsp_xbar_demux_003" File: E:/CE433/ThucHanh/Bai2_7segment/system/synthesis/system.v Line: 2366
Error (12006): Node instance "rsp_xbar_demux_004" instantiates undefined entity "system_rsp_xbar_demux_003" File: E:/CE433/ThucHanh/Bai2_7segment/system/synthesis/system.v Line: 2383
Error (12006): Node instance "rsp_xbar_demux_005" instantiates undefined entity "system_rsp_xbar_demux_003" File: E:/CE433/ThucHanh/Bai2_7segment/system/synthesis/system.v Line: 2400
Error (12006): Node instance "rsp_xbar_mux" instantiates undefined entity "system_rsp_xbar_mux" File: E:/CE433/ThucHanh/Bai2_7segment/system/synthesis/system.v Line: 2429
Error (12006): Node instance "rsp_xbar_mux_001" instantiates undefined entity "system_rsp_xbar_mux_001" File: E:/CE433/ThucHanh/Bai2_7segment/system/synthesis/system.v Line: 2476
Error (12006): Node instance "irq_mapper" instantiates undefined entity "system_irq_mapper" File: E:/CE433/ThucHanh/Bai2_7segment/system/synthesis/system.v Line: 2483
Error: Quartus II 64-Bit Analysis & Synthesis was unsuccessful. 52 errors, 1 warning
    Error: Peak virtual memory: 4583 megabytes
    Error: Processing ended: Fri Mar 28 09:56:50 2025
    Error: Elapsed time: 00:00:01
    Error: Total CPU time (on all processors): 00:00:01


